0 info it worked if it ends with ok
1 verbose cli [ 'b:\\prog\\Nodist\\v\\7.10.1\\node.exe',
1 verbose cli   'b:\\prog\\Nodist\\npmv\\4.0.5\\bin\\npm-cli.js',
1 verbose cli   'run',
1 verbose cli   'vscode:prepublish' ]
2 info using npm@4.0.5
3 info using node@v7.10.1
4 verbose run-script [ 'prevscode:prepublish',
4 verbose run-script   'vscode:prepublish',
4 verbose run-script   'postvscode:prepublish' ]
5 info lifecycle drawthenet@2.9.1~prevscode:prepublish: drawthenet@2.9.1
6 warn lifecycle The node binary used for scripts is b:\prog\Nodist\bin\node.exe but npm is using b:\prog\Nodist\v\7.10.1\node.exe itself. Use the `--scripts-prepend-node-path` option to include the path for the node binary npm was executed with.
7 silly lifecycle drawthenet@2.9.1~prevscode:prepublish: no script for prevscode:prepublish, continuing
8 info lifecycle drawthenet@2.9.1~vscode:prepublish: drawthenet@2.9.1
9 verbose lifecycle drawthenet@2.9.1~vscode:prepublish: unsafe-perm in lifecycle true
10 verbose lifecycle drawthenet@2.9.1~vscode:prepublish: PATH: b:\prog\Nodist\npmv\4.0.5\bin\node-gyp-bin;B:\prog\nodejs\vscode-plantuml\node_modules\.bin;B:\prog\docker;C:\Program Files\Java\jdk1.8.0_144\bin;C:\Program Files\ImageMagick-7.0.7-Q16;C:\Users\sylvain\AppData\Local\.meteor;B:\prog\Git\usr\bin\;C:\ProgramData\Oracle\Java\javapath;C:\Program Files\NVIDIA Corporation\PhysX\Common;C:\Windows\system32;C:\Windows;C:\Windows\System32\Wbem;C:\Windows\System32\WindowsPowerShell\v1.0\;C:\Program Files\Calibre2\;C:\util\VisualSVN Server\bin;C:\util\TortoiseSVN\bin;B:\util\Yarn\bin;C:\Program Files\FileBot\;b:\prog\Git\cmd;b:\prog\Nodist\bin;C:\Program Files\GitExtensions\;C:\Program Files\Skype\Phone\;b:\prog\Microsoft VS Code\bin;C:\tools\ChocolateyPackageUpdater;C:\Program Files\kdiff3;B:\prog\Git\bin;C:\Program Files\CDBurnerXP;C:\PROGRA~1\Oracle\VirtualBox;C:\ProgramData\chocolatey\bin;C:\Users\sylvain\AppData\Roaming\Dashlane\6.6.1.13351\bin\Firefox_Extension\{442718d9-475e-452a-b3e1-fb1ee16b8e9f}\components;C:\Users\sylvain\AppData\Roaming\Dashlane\6.6.1.13351\ucrt;C:\Users\sylvain\AppData\Roaming\Dashlane\6.6.1.13351\bin\Qt;C:\Users\sylvain\AppData\Roaming\Dashlane\6.6.1.13351\ucrt;C:\Users\sylvain\AppData\Roaming\Dashlane\6.6.1.13351\bin\Ssl
11 verbose lifecycle drawthenet@2.9.1~vscode:prepublish: CWD: B:\prog\nodejs\vscode-plantuml
12 silly lifecycle drawthenet@2.9.1~vscode:prepublish: Args: [ '/d /s /c', 'tsc -p ./' ]
13 silly lifecycle drawthenet@2.9.1~vscode:prepublish: Returned: code: 2  signal: null
14 info lifecycle drawthenet@2.9.1~vscode:prepublish: Failed to exec vscode:prepublish script
15 verbose stack Error: drawthenet@2.9.1 vscode:prepublish: `tsc -p ./`
15 verbose stack Exit status 2
15 verbose stack     at EventEmitter.<anonymous> (b:\prog\Nodist\npmv\4.0.5\lib\utils\lifecycle.js:279:16)
15 verbose stack     at emitTwo (events.js:106:13)
15 verbose stack     at EventEmitter.emit (events.js:194:7)
15 verbose stack     at ChildProcess.<anonymous> (b:\prog\Nodist\npmv\4.0.5\lib\utils\spawn.js:40:14)
15 verbose stack     at emitTwo (events.js:106:13)
15 verbose stack     at ChildProcess.emit (events.js:194:7)
15 verbose stack     at maybeClose (internal/child_process.js:899:16)
15 verbose stack     at Process.ChildProcess._handle.onexit (internal/child_process.js:226:5)
16 verbose pkgid drawthenet@2.9.1
17 verbose cwd B:\prog\nodejs\vscode-plantuml
18 error Windows_NT 6.2.9200
19 error argv "b:\\prog\\Nodist\\v\\7.10.1\\node.exe" "b:\\prog\\Nodist\\npmv\\4.0.5\\bin\\npm-cli.js" "run" "vscode:prepublish"
20 error node v7.10.1
21 error npm  v4.0.5
22 error code ELIFECYCLE
23 error drawthenet@2.9.1 vscode:prepublish: `tsc -p ./`
23 error Exit status 2
24 error Failed at the drawthenet@2.9.1 vscode:prepublish script 'tsc -p ./'.
24 error Make sure you have the latest version of node.js and npm installed.
24 error If you do, this is most likely a problem with the drawthenet package,
24 error not with npm itself.
24 error Tell the author that this fails on your system:
24 error     tsc -p ./
24 error You can get information on how to open an issue for this project with:
24 error     npm bugs drawthenet
24 error Or if that isn't available, you can get their info via:
24 error     npm owner ls drawthenet
24 error There is likely additional logging output above.
25 verbose exit [ 1, true ]
